[INFO] Error stacktraces are turned on.
[INFO] Scanning for projects...
[INFO]                                                                         
[INFO] ------------------------------------------------------------------------
[INFO] Building sparklogprocessor 1.0-SNAPSHOT
[INFO] ------------------------------------------------------------------------
[INFO] 
[INFO] --- exec-maven-plugin:1.4.0:java (default-cli) @ sparklogprocessor ---
Running for cluster: 151
Adding: application_1508545462036_0213, 7, 1
Adding: application_1508545462036_0213, 7, 10
Adding: application_1508545462036_0213, 7, 2
Adding: application_1508545462036_0213, 7, 3
Adding: application_1508545462036_0213, 7, 4
Adding: application_1508545462036_0213, 7, 5
Adding: application_1508545462036_0213, 7, 6
Adding: application_1508545462036_0213, 7, 7
Adding: application_1508545462036_0213, 7, 8
Adding: application_1508545462036_0213, 7, 9
Adding: application_1508545462036_0213, 9, 1
Adding: application_1508545462036_0213, 9, 10
Adding: application_1508545462036_0213, 9, 2
Adding: application_1508545462036_0213, 9, 3
Adding: application_1508545462036_0213, 9, 4
Adding: application_1508545462036_0213, 9, 5
Adding: application_1508545462036_0213, 9, 6
Adding: application_1508545462036_0213, 9, 7
Adding: application_1508545462036_0213, 9, 8
Adding: application_1508545462036_0213, 9, 9
Reading file: /home/mayuresh/heap-logs/application_1508545462036_0213/1/sparkOutput_worker_application_1508545462036_0213_1.txt
Reading lines: 5212 to 6521
Reading file: /home/mayuresh/heap-logs/application_1508545462036_0213/10/sparkOutput_worker_application_1508545462036_0213_10.txt
Reading lines: 5210 to 6514
Reading file: /home/mayuresh/heap-logs/application_1508545462036_0213/2/sparkOutput_worker_application_1508545462036_0213_2.txt
Reading lines: 5184 to 6393
Reading file: /home/mayuresh/heap-logs/application_1508545462036_0213/3/sparkOutput_worker_application_1508545462036_0213_3.txt
Reading lines: 5201 to 6505
Reading file: /home/mayuresh/heap-logs/application_1508545462036_0213/4/sparkOutput_worker_application_1508545462036_0213_4.txt
Reading lines: 5188 to 6359
Reading file: /home/mayuresh/heap-logs/application_1508545462036_0213/5/sparkOutput_worker_application_1508545462036_0213_5.txt
Reading lines: 5186 to 6365
Reading file: /home/mayuresh/heap-logs/application_1508545462036_0213/6/sparkOutput_worker_application_1508545462036_0213_6.txt
Reading lines: 5177 to 6387
Reading file: /home/mayuresh/heap-logs/application_1508545462036_0213/7/sparkOutput_worker_application_1508545462036_0213_7.txt
Reading lines: 5193 to 6420
Reading file: /home/mayuresh/heap-logs/application_1508545462036_0213/8/sparkOutput_worker_application_1508545462036_0213_8.txt
Reading lines: 5197 to 6400
Reading file: /home/mayuresh/heap-logs/application_1508545462036_0213/9/sparkOutput_worker_application_1508545462036_0213_9.txt
Reading lines: 5189 to 6402
Reading file: /home/mayuresh/heap-logs/application_1508545462036_0213/1/sparkOutput_worker_application_1508545462036_0213_1.txt
Reading lines: 8029 to 9522
Reading file: /home/mayuresh/heap-logs/application_1508545462036_0213/10/sparkOutput_worker_application_1508545462036_0213_10.txt
Reading lines: 8025 to 9652
Reading file: /home/mayuresh/heap-logs/application_1508545462036_0213/2/sparkOutput_worker_application_1508545462036_0213_2.txt
Reading lines: 7986 to 9607
Reading file: /home/mayuresh/heap-logs/application_1508545462036_0213/3/sparkOutput_worker_application_1508545462036_0213_3.txt
Reading lines: 8011 to 9487
Reading file: /home/mayuresh/heap-logs/application_1508545462036_0213/4/sparkOutput_worker_application_1508545462036_0213_4.txt
Reading lines: 7991 to 9512
Reading file: /home/mayuresh/heap-logs/application_1508545462036_0213/5/sparkOutput_worker_application_1508545462036_0213_5.txt
Reading lines: 7988 to 9478
Reading file: /home/mayuresh/heap-logs/application_1508545462036_0213/6/sparkOutput_worker_application_1508545462036_0213_6.txt
Reading lines: 7975 to 9461
Reading file: /home/mayuresh/heap-logs/application_1508545462036_0213/7/sparkOutput_worker_application_1508545462036_0213_7.txt
Reading lines: 7998 to 9508
Reading file: /home/mayuresh/heap-logs/application_1508545462036_0213/8/sparkOutput_worker_application_1508545462036_0213_8.txt
Reading lines: 8006 to 9518
Reading file: /home/mayuresh/heap-logs/application_1508545462036_0213/9/sparkOutput_worker_application_1508545462036_0213_9.txt
Reading lines: 7993 to 9462
Beta bars: [1.7544036826045284, 22.398734982682676]
Beta std dev: [0.06478709883572413, 7.602531755921071]
Degree freedom: 18.0
Beta covariance: [[0.004197368175549886, -0.2848424085214238], [-0.2848424085214238, 57.79848909978833]]
Variables used: [0, 3]
sum of squares: 1.2100861737324924E20
java.lang.ArrayIndexOutOfBoundsException: 0
	at flanagan.math.Matrix.<init>(Matrix.java:134)
	at flanagan.analysis.Regression.generalLinear(Regression.java:2961)
	at flanagan.analysis.Regression.linearMono(Regression.java:1867)
	at flanagan.analysis.Regression.linear(Regression.java:1838)
	at edu.duke.globallog.sparklogprocessor.ParamLearner.runRegression(ParamLearner.java:291)
	at edu.duke.globallog.sparklogprocessor.ParamLearner.main(ParamLearner.java:395)
	at sun.reflect.NativeMethodAccessorImpl.invoke0(Native Method)
	at sun.reflect.NativeMethodAccessorImpl.invoke(NativeMethodAccessorImpl.java:62)
	at sun.reflect.DelegatingMethodAccessorImpl.invoke(DelegatingMethodAccessorImpl.java:43)
	at java.lang.reflect.Method.invoke(Method.java:498)
	at org.codehaus.mojo.exec.ExecJavaMojo$1.run(ExecJavaMojo.java:293)
	at java.lang.Thread.run(Thread.java:748)
[INFO] ------------------------------------------------------------------------
[INFO] BUILD SUCCESS
[INFO] ------------------------------------------------------------------------
[INFO] Total time: 56.085 s
[INFO] Finished at: 2018-08-28T15:19:32-04:00
[INFO] Final Memory: 21M/516M
[INFO] ------------------------------------------------------------------------
